sdkui/build/outputs/mapping/release/seeds.txt
com.payu.payuui.PayUBaseActivity
com.payu.payuui.PayUBaseActivity: PayUBaseActivity()
com.payu.payuui.PayUBaseActivity: void onClick(android.view.View)
com.payu.payuui.PayUCashCardActivity
com.payu.payuui.PayUCashCardActivity: PayUCashCardActivity()
com.payu.payuui.PayUCreditDebitCardActivity
com.payu.payuui.PayUCreditDebitCardActivity: PayUCreditDebitCardActivity()
com.payu.payuui.PayUCreditDebitCardActivity: void onClick(android.view.View)
com.payu.payuui.PayUEmiActivity
com.payu.payuui.PayUEmiActivity: PayUEmiActivity()
com.payu.payuui.PayUEmiActivity: void onClick(android.view.View)
com.payu.payuui.PayUNetBankingActivity
com.payu.payuui.PayUNetBankingActivity: PayUNetBankingActivity()
com.payu.payuui.PayUNetBankingActivity: void onClick(android.view.View)
com.payu.payuui.PayUOneClickPaymentActivity
com.payu.payuui.PayUOneClickPaymentActivity: PayUOneClickPaymentActivity()
com.payu.payuui.PayUStoredCardsActivity
com.payu.payuui.PayUStoredCardsActivity: PayUStoredCardsActivity()
com.payu.payuui.PayUVerifyApiActivity
com.payu.payuui.PayUVerifyApiActivity: PayUVerifyApiActivity()
com.payu.payuui.PayUVerifyApiActivity: void onClick(android.view.View)
com.payu.payuui.PaymentsActivity
com.payu.payuui.PaymentsActivity: PaymentsActivity()