sdkui/build/outputs/mapping/release/mapping.txt
com.payu.payuui.PayUBaseActivity -> com.payu.payuui.PayUBaseActivity:
    com.payu.india.Model.PayuResponse mPayuResponse -> a
    android.content.Intent mIntent -> b
    android.widget.Button netBankingButton -> c
    android.widget.Button emiButton -> d
    android.widget.Button cashCardButton -> e
    android.widget.Button payUMoneyButton -> f
    android.widget.Button storedCardButton -> g
    android.widget.Button creditDebitButton -> h
    android.widget.Button merchantPaymentButton -> i
    android.widget.Button verifyApiButton -> j
    android.widget.Button oneClickPaymentButton -> k
    com.payu.india.Model.PayuConfig payuConfig -> l
    java.util.ArrayList storedCards -> m
    java.util.ArrayList oneClickCards -> n
    java.util.HashMap oneClickCardTokens -> o
    com.payu.india.Model.PaymentParams mPaymentParams -> p
    com.payu.india.Model.PayuHashes mPayUHashes -> q
    int storeOneClickHash -> r
    android.os.Bundle bundle -> s
    void onCreate(android.os.Bundle) -> onCreate
    boolean onCreateOptionsMenu(android.view.Menu) -> onCreateOptionsMenu
    boolean onOptionsItemSelected(android.view.MenuItem) -> onOptionsItemSelected
    void onActivityResult(int,int,android.content.Intent) -> onActivityResult
    void onClick(android.view.View) -> onClick
    void launchPayumoney() -> a
    void launchActivity(android.content.Intent) -> a
    void onPaymentRelatedDetailsResponse(com.payu.india.Model.PayuResponse) -> onPaymentRelatedDetailsResponse
com.payu.payuui.PayUCashCardActivity -> com.payu.payuui.PayUCashCardActivity:
    android.widget.ListView cashCardListView -> a
    com.payu.payuui.PayUCashCardAdapter payUCashCardAdapter -> b
    java.util.ArrayList mCashCardList -> c
    android.os.Bundle bundle -> d
    com.payu.india.Model.PaymentParams mPaymentParams -> e
    com.payu.india.Model.PayuHashes mPayuHashes -> f
    android.widget.TextView amountTextView -> g
    android.widget.TextView txnIdTextView -> h
    com.payu.india.Model.PayuConfig payuConfig -> i
    void onCreate(android.os.Bundle) -> onCreate
    boolean onCreateOptionsMenu(android.view.Menu) -> onCreateOptionsMenu
    boolean onOptionsItemSelected(android.view.MenuItem) -> onOptionsItemSelected
    void onItemClick(android.widget.AdapterView,android.view.View,int,long) -> onItemClick
    void onActivityResult(int,int,android.content.Intent) -> onActivityResult
com.payu.payuui.PayUCashCardAdapter -> com.payu.payuui.a:
    android.content.Context mContext -> a
    java.util.ArrayList mCashCardList -> b
    int getCount() -> getCount
    android.view.View getView(int,android.view.View,android.view.ViewGroup) -> getView
com.payu.payuui.PayUCashCardAdapter$CashCardViewHolder -> com.payu.payuui.b:
    android.widget.TextView cashCardTextView -> a
    com.payu.payuui.PayUCashCardAdapter this$0 -> b