sdkui/build/outputs/mapping/release/usage.txt
com.payu.payuui.BuildConfig
com.payu.payuui.PayUCashCardActivity:
    private android.support.v7.widget.Toolbar toolbar
com.payu.payuui.PayUCreditDebitCardActivity:
    private android.support.v7.widget.Toolbar toolbar
com.payu.payuui.PayUEmiActivity:
    private android.support.v7.widget.Toolbar toolbar
com.payu.payuui.PayUNetBankingActivity:
    private android.support.v7.widget.Toolbar toolbar
com.payu.payuui.PayUOneClickPaymentActivity:
    private android.support.v7.widget.Toolbar toolbar
com.payu.payuui.PayUOneClickPaymentActivity$PayUStoredCardsAdapter$ViewHolder:
    android.widget.CheckBox storeCvvCheckBox
com.payu.payuui.PayUStoredCardsActivity:
    private android.support.v7.widget.Toolbar toolbar
com.payu.payuui.PaymentsActivity:
    private java.lang.String merchantHash
    49:49:static synthetic int access$100(com.payu.payuui.PaymentsActivity)
    49:49:static synthetic java.lang.String access$200(com.payu.payuui.PaymentsActivity)
    49:49:static synthetic java.lang.String access$202(com.payu.payuui.PaymentsActivity,java.lang.String)
com.payu.payuui.PaymentsActivity$2:
    306:307:public void onSuccess()
    311:326:public void onSuccess(java.lang.String)
    330:331:public void onFailure()
    335:344:public void onFailure(java.lang.String)
    348:369:public void onMerchantHashReceived(java.lang.String)
com.payu.payuui.PaymentsActivity$2$1
com.payu.payuui.PaymentsActivity$2$2
com.payu.payuui.PaymentsActivity$2$3